{"numFailedTestSuites":0,"numFailedTests":0,"numPassedTestSuites":1,"numPassedTests":3,"numPendingTestSuites":0,"numPendingTests":0,"numRuntimeErrorTestSuites":0,"numTodoTests":0,"numTotalTestSuites":1,"numTotalTests":3,"openHandles":[],"snapshot":{"added":0,"didUpdate":false,"failure":false,"filesAdded":0,"filesRemoved":0,"filesRemovedList":[],"filesUnmatched":0,"filesUpdated":0,"matched":0,"total":0,"unchecked":0,"uncheckedKeysByFile":[],"unmatched":0,"updated":0},"startTime":1763356198634,"success":true,"testResults":[{"assertionResults":[{"ancestorTitles":["Express Server API Tests"],"duration":17,"failing":false,"failureDetails":[],"failureMessages":[],"fullName":"Express Server API Tests GET /hello should return Hello, World!","invocations":1,"location":null,"numPassingAsserts":2,"retryReasons":[],"startAt":1763356198921,"status":"passed","title":"GET /hello should return Hello, World!"},{"ancestorTitles":["Express Server API Tests"],"duration":11,"failing":false,"failureDetails":[],"failureMessages":[],"fullName":"Express Server API Tests POST /sum should return the sum of two numbers","invocations":1,"location":null,"numPassingAsserts":2,"retryReasons":[],"startAt":1763356198939,"status":"passed","title":"POST /sum should return the sum of two numbers"},{"ancestorTitles":["Express Server API Tests"],"duration":4,"failing":false,"failureDetails":[],"failureMessages":[],"fullName":"Express Server API Tests POST /sum should return 400 for invalid input","invocations":1,"location":null,"numPassingAsserts":2,"retryReasons":[],"startAt":1763356198950,"status":"passed","title":"POST /sum should return 400 for invalid input"}],"endTime":1763356198955,"message":"","name":"/Users/apple/Documents/gitthub/nodedemo/server.test.js","startTime":1763356198686,"status":"passed","summary":""}],"wasInterrupted":false}
